<?xml version="1.0" encoding="UTF-8"?>
<!-- Generated by org.testng.reporters.JUnitReportReporter -->
<testsuite hostname="CLP-QA-UK" failures="0" tests="1" name="FrontDesk.QuickSales_newmember" time="92.754" errors="0" timestamp="2021-05-11T13:10:49 EDT" skipped="0">
  <testcase classname="FrontDesk.QuickSales_newmember" name="QuickSalesTest" time="92.754"/>
  <system-out/>
</testsuite> <!-- FrontDesk.QuickSales_newmember -->
