<?xml version="1.0" encoding="UTF-8"?>
<!-- Generated by org.testng.reporters.JUnitReportReporter -->
<testsuite hostname="CLP-QA-UK" failures="0" tests="4" name="FrontDesk.Apptadmintest" time="31.778" errors="0" timestamp="2021-05-17T16:25:00 EDT" skipped="3">
  <testcase classname="FrontDesk.Apptadmintest" name="Apptadmin_cancelappointment" time="31.778"/>
  <system-out/>
  <testcase classname="FrontDesk.Apptadmintest" name="Apptadmin_CancelRecurringappointment">
    <skipped/>
  </testcase> <!-- Apptadmin_CancelRecurringappointment -->
  <system-out/>
  <testcase classname="FrontDesk.Apptadmintest" name="Apptadmin_makeappointment">
    <skipped/>
  </testcase> <!-- Apptadmin_makeappointment -->
  <system-out/>
  <testcase classname="FrontDesk.Apptadmintest" name="Apptadmin_Recurringappointment">
    <skipped/>
  </testcase> <!-- Apptadmin_Recurringappointment -->
  <system-out/>
</testsuite> <!-- FrontDesk.Apptadmintest -->
