<?xml version="1.0" encoding="UTF-8"?>
<!-- Generated by org.testng.reporters.JUnitReportReporter -->
<testsuite hostname="CLP-QA-UK" failures="0" tests="2" name="FrontDesk.LoginPageTest" time="6.694" errors="0" timestamp="2021-01-18T12:58:21 EST" skipped="0">
  <testcase classname="FrontDesk.LoginPageTest" name="pageTitle" time="0.031"/>
  <system-out/>
  <testcase classname="FrontDesk.LoginPageTest" name="login" time="6.663"/>
  <system-out/>
</testsuite> <!-- FrontDesk.LoginPageTest -->
