<?xml version="1.0" encoding="UTF-8"?>
<!-- Generated by org.testng.reporters.JUnitReportReporter -->
<testsuite hostname="CLP-QA-UK" failures="0" tests="1" name="FrontDesk.Changerequesttest" time="49.965" errors="0" timestamp="2020-11-11T13:14:42 EST" skipped="0">
  <testcase classname="FrontDesk.Changerequesttest" name="changerequest" time="49.965"/>
  <system-out/>
</testsuite> <!-- FrontDesk.Changerequesttest -->
