<?xml version="1.0" encoding="UTF-8"?>
<!-- Generated by org.testng.reporters.JUnitReportReporter -->
<testsuite hostname="CLP-QA-UK" failures="0" tests="3" name="FrontDesk.QuicksalerenewalTest" time="96.510" errors="0" timestamp="2021-05-13T10:59:46 EDT" skipped="2">
  <testcase classname="FrontDesk.QuicksalerenewalTest" name="renewalcontract_splitpayment" time="96.510"/>
  <system-out/>
  <testcase classname="FrontDesk.QuicksalerenewalTest" name="renewalcontract">
    <skipped/>
  </testcase> <!-- renewalcontract -->
  <system-out/>
  <testcase classname="FrontDesk.QuicksalerenewalTest" name="renewalcontract_Creditcard">
    <skipped/>
  </testcase> <!-- renewalcontract_Creditcard -->
  <system-out/>
</testsuite> <!-- FrontDesk.QuicksalerenewalTest -->
