<?xml version="1.0" encoding="UTF-8"?>
<!-- Generated by org.testng.reporters.JUnitReportReporter -->
<testsuite hostname="CLP-QA-UK" failures="0" tests="1" name="FrontDesk.Quicksale_newcontractTest" time="72.681" errors="0" timestamp="2020-11-11T13:25:03 EST" skipped="0">
  <testcase classname="FrontDesk.Quicksale_newcontractTest" name="newcontract" time="72.681"/>
  <system-out/>
</testsuite> <!-- FrontDesk.Quicksale_newcontractTest -->
