<?xml version="1.0" encoding="UTF-8"?>
<!-- Generated by org.testng.reporters.JUnitReportReporter -->
<testsuite hostname="CLP-QA-UK" failures="0" tests="1" name="FrontDesk.testclass" time="47.653" errors="0" timestamp="2021-04-08T18:57:37 EDT" skipped="0">
  <testcase classname="FrontDesk.testclass" name="QuickSalesTest" time="47.653"/>
  <system-out/>
</testsuite> <!-- FrontDesk.testclass -->
