<?xml version="1.0" encoding="UTF-8"?>
<!-- Generated by org.testng.reporters.JUnitReportReporter -->
<testsuite hostname="CLP-QA-UK" failures="0" tests="1" name="FrontDesk.Changerequesttest" time="29.340" errors="0" timestamp="2020-12-17T17:17:57 EST" skipped="0">
  <testcase classname="FrontDesk.Changerequesttest" name="changerequest" time="29.340"/>
  <system-out/>
</testsuite> <!-- FrontDesk.Changerequesttest -->
