<?xml version="1.0" encoding="UTF-8"?>
<!-- Generated by org.testng.reporters.JUnitReportReporter -->
<testsuite hostname="CLP-QA-UK" failures="0" tests="1" name="FrontDesk.QuicksalerenewalTest" time="73.681" errors="0" timestamp="2020-11-13T15:35:19 EST" skipped="0">
  <testcase classname="FrontDesk.QuicksalerenewalTest" name="renewalcontract" time="73.681"/>
  <system-out/>
</testsuite> <!-- FrontDesk.QuicksalerenewalTest -->
