<?xml version="1.0" encoding="UTF-8"?>
<!-- Generated by org.testng.reporters.JUnitReportReporter -->
<testsuite hostname="CLP-QA-UK" failures="0" tests="1" name="FrontDesk.Addguesttest" time="40.088" errors="0" timestamp="2021-05-17T13:20:39 EDT" skipped="0">
  <testcase classname="FrontDesk.Addguesttest" name="addguest" time="40.088"/>
  <system-out/>
</testsuite> <!-- FrontDesk.Addguesttest -->
