<?xml version="1.0" encoding="UTF-8"?>
<!-- Generated by org.testng.reporters.JUnitReportReporter -->
<testsuite hostname="REM-TNUZUM" failures="0" tests="2" name="FrontDesk.LoginPageTest" time="1.146" errors="0" timestamp="2020-09-14T12:42:09 EDT" skipped="0">
  <testcase classname="FrontDesk.LoginPageTest" name="pageTitle" time="0.012"/>
  <system-out/>
  <testcase classname="FrontDesk.LoginPageTest" name="login" time="1.134"/>
  <system-out/>
</testsuite> <!-- FrontDesk.LoginPageTest -->
