<?xml version="1.0" encoding="UTF-8"?>
<!-- Generated by org.testng.reporters.JUnitReportReporter -->
<testsuite hostname="CLP-QA-UK" failures="0" tests="1" name="FrontDesk.Addguesttest" time="81.795" errors="0" timestamp="2020-11-13T11:11:15 EST" skipped="0">
  <testcase classname="FrontDesk.Addguesttest" name="addguest" time="81.795"/>
  <system-out/>
</testsuite> <!-- FrontDesk.Addguesttest -->
