<?xml version="1.0" encoding="UTF-8"?>
<!-- Generated by org.testng.reporters.JUnitReportReporter -->
<testsuite hostname="REM-TNUZUM" failures="0" tests="4" name="FrontDesk.LoginPageTest" time="0.012" errors="0" timestamp="2020-09-13T20:06:25 EDT" skipped="3">
  <testcase classname="FrontDesk.LoginPageTest" name="pageTitle" time="0.012"/>
  <system-out/>
  <testcase classname="FrontDesk.LoginPageTest" name="wrongCredentials">
    <skipped/>
  </testcase> <!-- wrongCredentials -->
  <system-out/>
  <testcase classname="FrontDesk.LoginPageTest" name="credentialsRequired">
    <skipped/>
  </testcase> <!-- credentialsRequired -->
  <system-out/>
  <testcase classname="FrontDesk.LoginPageTest" name="pageVerifications">
    <skipped/>
  </testcase> <!-- pageVerifications -->
  <system-out/>
</testsuite> <!-- FrontDesk.LoginPageTest -->
