<?xml version="1.0" encoding="UTF-8"?>
<!-- Generated by org.testng.reporters.JUnitReportReporter -->
<testsuite hostname="CLP-QA-UK" failures="0" tests="3" name="FrontDesk.Membermanager" time="24.706" errors="0" timestamp="2021-05-11T13:44:35 EDT" skipped="2">
  <testcase classname="FrontDesk.Membermanager" name="changerequest" time="24.706"/>
  <system-out/>
  <testcase classname="FrontDesk.Membermanager" name="memebermanager_takepayment_Cardonfile">
    <skipped/>
  </testcase> <!-- memebermanager_takepayment_Cardonfile -->
  <system-out/>
  <testcase classname="FrontDesk.Membermanager" name="memebermanager_takepayment">
    <skipped/>
  </testcase> <!-- memebermanager_takepayment -->
  <system-out/>
</testsuite> <!-- FrontDesk.Membermanager -->
